This file contains any messages produced by compilers while
running configure, to aid debugging if configure makes a mistake.

It was created by configure, which was
generated by GNU Autoconf 2.69.  Invocation command line was

  $ ./configure --prefix=/usr

## --------- ##
## Platform. ##
## --------- ##

hostname = ninjabot
uname -m = x86_64
uname -r = 5.6.19-3-rt12-MANJARO
uname -s = Linux
uname -v = #1 SMP PREEMPT_RT Sat Aug 22 13:15:07 UTC 2020

/usr/bin/uname -p = unknown
/bin/uname -X     = unknown

/bin/arch              = unknown
/usr/bin/arch -k       = unknown
/usr/convex/getsysinfo = unknown
/usr/bin/hostinfo      = unknown
/bin/machine           = unknown
/usr/bin/oslevel       = unknown
/bin/universe          = unknown

PATH: /home/b08x/.local/bin
PATH: /home/b08x/Soundbot/bin
PATH: /home/b08x/Soundbot/sonic-pi/bin
PATH: /home/b08x/.local/bin
PATH: /usr/local/bin
PATH: /usr/bin
PATH: /bin
PATH: /usr/local/sbin
PATH: /usr/lib/jvm/default/bin
PATH: /usr/bin/site_perl
PATH: /usr/bin/vendor_perl
PATH: /usr/bin/core_perl
PATH: /var/lib/snapd/snap/bin
PATH: /usr/lib/jvm/default/bin


## ----------- ##
## Core tests. ##
## ----------- ##

configure:2057: checking for a BSD-compatible install
configure:2125: result: /usr/bin/install -c
configure:2136: checking whether build environment is sane
configure:2191: result: yes
configure:2340: checking for a thread-safe mkdir -p
configure:2379: result: /usr/bin/mkdir -p
configure:2386: checking for gawk
configure:2402: found /usr/bin/gawk
configure:2413: result: gawk
configure:2424: checking whether make sets $(MAKE)
configure:2446: result: yes
configure:2475: checking whether make supports nested variables
configure:2492: result: yes
configure:2622: checking whether to enable maintainer-specific portions of Makefiles
configure:2631: result: no
configure:2649: checking whether make supports the include directive
configure:2664: make -f confmf.GNU && cat confinc.out
this is the am__doit target
configure:2667: $? = 0
configure:2686: result: yes (GNU style)
configure:2756: checking for gcc
configure:2772: found /usr/bin/gcc
configure:2783: result: gcc
configure:3012: checking for C compiler version
configure:3021: gcc --version >&5
gcc (GCC) 10.2.0
Copyright (C) 2020 Free Software Foundation, Inc.
This is free software; see the source for copying conditions.  There is NO
warranty; not even for MERCHANTABILITY or FITNESS FOR A PARTICULAR PURPOSE.

configure:3032: $? = 0
configure:3021: gcc -v >&5
Using built-in specs.
COLLECT_GCC=gcc
COLLECT_LTO_WRAPPER=/usr/lib/gcc/x86_64-pc-linux-gnu/10.2.0/lto-wrapper
Target: x86_64-pc-linux-gnu
Configured with: /build/gcc/src/gcc/configure --prefix=/usr --libdir=/usr/lib --libexecdir=/usr/lib --mandir=/usr/share/man --infodir=/usr/share/info --with-bugurl=https://bugs.archlinux.org/ --enable-languages=c,c++,ada,fortran,go,lto,objc,obj-c++,d --with-isl --with-linker-hash-style=gnu --with-system-zlib --enable-__cxa_atexit --enable-cet=auto --enable-checking=release --enable-clocale=gnu --enable-default-pie --enable-default-ssp --enable-gnu-indirect-function --enable-gnu-unique-object --enable-install-libiberty --enable-linker-build-id --enable-lto --enable-multilib --enable-plugin --enable-shared --enable-threads=posix --disable-libssp --disable-libstdcxx-pch --disable-libunwind-exceptions --disable-werror gdc_include_dir=/usr/include/dlang/gdc
Thread model: posix
Supported LTO compression algorithms: zlib zstd
gcc version 10.2.0 (GCC) 
configure:3032: $? = 0
configure:3021: gcc -V >&5
gcc: error: unrecognized command-line option '-V'
gcc: fatal error: no input files
compilation terminated.
configure:3032: $? = 1
configure:3021: gcc -qversion >&5
gcc: error: unrecognized command-line option '-qversion'; did you mean '--version'?
gcc: fatal error: no input files
compilation terminated.
configure:3032: $? = 1
configure:3052: checking whether the C compiler works
configure:3074: gcc    conftest.c  >&5
configure:3078: $? = 0
configure:3126: result: yes
configure:3129: checking for C compiler default output file name
configure:3131: result: a.out
configure:3137: checking for suffix of executables
configure:3144: gcc -o conftest    conftest.c  >&5
configure:3148: $? = 0
configure:3170: result: 
configure:3192: checking whether we are cross compiling
configure:3200: gcc -o conftest    conftest.c  >&5
configure:3204: $? = 0
configure:3211: ./conftest
configure:3215: $? = 0
configure:3203: result: no
configure:3208: checking for suffix of object files
configure:3230: gcc -c   conftest.c >&5
configure:3234: $? = 0
configure:3255: result: o
configure:3259: checking whether we are using the GNU C compiler
configure:3278: gcc -c   conftest.c >&5
configure:3278: $? = 0
configure:3287: result: yes
configure:3296: checking whether gcc accepts -g
configure:3316: gcc -c -g  conftest.c >&5
configure:3316: $? = 0
configure:3357: result: yes
configure:3374: checking for gcc option to accept ISO C89
configure:3437: gcc  -c -g -O2  conftest.c >&5
configure:3437: $? = 0
configure:3450: result: none needed
configure:3475: checking whether gcc understands -c and -o together
configure:3497: gcc -c conftest.c -o conftest2.o
configure:3500: $? = 0
configure:3497: gcc -c conftest.c -o conftest2.o
configure:3500: $? = 0
configure:3512: result: yes
configure:3531: checking dependency style of gcc
configure:3642: result: gcc3
configure:3658: checking for library containing strerror
configure:3689: gcc -o conftest -g -O2   conftest.c  >&5
configure:3689: $? = 0
configure:3706: result: none required
configure:3762: checking for gcc
configure:3789: result: gcc
configure:4018: checking for C compiler version
configure:4027: gcc --version >&5
gcc (GCC) 10.2.0
Copyright (C) 2020 Free Software Foundation, Inc.
This is free software; see the source for copying conditions.  There is NO
warranty; not even for MERCHANTABILITY or FITNESS FOR A PARTICULAR PURPOSE.

configure:4038: $? = 0
configure:4027: gcc -v >&5
Using built-in specs.
COLLECT_GCC=gcc
COLLECT_LTO_WRAPPER=/usr/lib/gcc/x86_64-pc-linux-gnu/10.2.0/lto-wrapper
Target: x86_64-pc-linux-gnu
Configured with: /build/gcc/src/gcc/configure --prefix=/usr --libdir=/usr/lib --libexecdir=/usr/lib --mandir=/usr/share/man --infodir=/usr/share/info --with-bugurl=https://bugs.archlinux.org/ --enable-languages=c,c++,ada,fortran,go,lto,objc,obj-c++,d --with-isl --with-linker-hash-style=gnu --with-system-zlib --enable-__cxa_atexit --enable-cet=auto --enable-checking=release --enable-clocale=gnu --enable-default-pie --enable-default-ssp --enable-gnu-indirect-function --enable-gnu-unique-object --enable-install-libiberty --enable-linker-build-id --enable-lto --enable-multilib --enable-plugin --enable-shared --enable-threads=posix --disable-libssp --disable-libstdcxx-pch --disable-libunwind-exceptions --disable-werror gdc_include_dir=/usr/include/dlang/gdc
Thread model: posix
Supported LTO compression algorithms: zlib zstd
gcc version 10.2.0 (GCC) 
configure:4038: $? = 0
configure:4027: gcc -V >&5
gcc: error: unrecognized command-line option '-V'
gcc: fatal error: no input files
compilation terminated.
configure:4038: $? = 1
configure:4027: gcc -qversion >&5
gcc: error: unrecognized command-line option '-qversion'; did you mean '--version'?
gcc: fatal error: no input files
compilation terminated.
configure:4038: $? = 1
configure:4042: checking whether we are using the GNU C compiler
configure:4070: result: yes
configure:4079: checking whether gcc accepts -g
configure:4140: result: yes
configure:4157: checking for gcc option to accept ISO C89
configure:4233: result: none needed
configure:4258: checking whether gcc understands -c and -o together
configure:4295: result: yes
configure:4314: checking dependency style of gcc
configure:4425: result: gcc3
configure:4488: checking for gcc
configure:4515: result: gcc
configure:4744: checking for C compiler version
configure:4753: gcc --version >&5
gcc (GCC) 10.2.0
Copyright (C) 2020 Free Software Foundation, Inc.
This is free software; see the source for copying conditions.  There is NO
warranty; not even for MERCHANTABILITY or FITNESS FOR A PARTICULAR PURPOSE.

configure:4764: $? = 0
configure:4753: gcc -v >&5
Using built-in specs.
COLLECT_GCC=gcc
COLLECT_LTO_WRAPPER=/usr/lib/gcc/x86_64-pc-linux-gnu/10.2.0/lto-wrapper
Target: x86_64-pc-linux-gnu
Configured with: /build/gcc/src/gcc/configure --prefix=/usr --libdir=/usr/lib --libexecdir=/usr/lib --mandir=/usr/share/man --infodir=/usr/share/info --with-bugurl=https://bugs.archlinux.org/ --enable-languages=c,c++,ada,fortran,go,lto,objc,obj-c++,d --with-isl --with-linker-hash-style=gnu --with-system-zlib --enable-__cxa_atexit --enable-cet=auto --enable-checking=release --enable-clocale=gnu --enable-default-pie --enable-default-ssp --enable-gnu-indirect-function --enable-gnu-unique-object --enable-install-libiberty --enable-linker-build-id --enable-lto --enable-multilib --enable-plugin --enable-shared --enable-threads=posix --disable-libssp --disable-libstdcxx-pch --disable-libunwind-exceptions --disable-werror gdc_include_dir=/usr/include/dlang/gdc
Thread model: posix
Supported LTO compression algorithms: zlib zstd
gcc version 10.2.0 (GCC) 
configure:4764: $? = 0
configure:4753: gcc -V >&5
gcc: error: unrecognized command-line option '-V'
gcc: fatal error: no input files
compilation terminated.
configure:4764: $? = 1
configure:4753: gcc -qversion >&5
gcc: error: unrecognized command-line option '-qversion'; did you mean '--version'?
gcc: fatal error: no input files
compilation terminated.
configure:4764: $? = 1
configure:4768: checking whether we are using the GNU C compiler
configure:4796: result: yes
configure:4805: checking whether gcc accepts -g
configure:4866: result: yes
configure:4883: checking for gcc option to accept ISO C89
configure:4959: result: none needed
configure:4984: checking whether gcc understands -c and -o together
configure:5021: result: yes
configure:5040: checking dependency style of gcc
configure:5151: result: gcc3
configure:5173: checking how to run the C preprocessor
configure:5204: gcc -E  conftest.c
configure:5204: $? = 0
configure:5218: gcc -E  conftest.c
conftest.c:11:10: fatal error: ac_nonexistent.h: No such file or directory
   11 | #include <ac_nonexistent.h>
      |          ^~~~~~~~~~~~~~~~~~
compilation terminated.
configure:5218: $? = 1
configure: failed program was:
| /* confdefs.h */
| #define PACKAGE_NAME ""
| #define PACKAGE_TARNAME ""
| #define PACKAGE_VERSION ""
| #define PACKAGE_STRING ""
| #define PACKAGE_BUGREPORT ""
| #define PACKAGE_URL ""
| #define PACKAGE "timemachine"
| #define VERSION "0.3.4"
| /* end confdefs.h.  */
| #include <ac_nonexistent.h>
configure:5243: result: gcc -E
configure:5263: gcc -E  conftest.c
configure:5263: $? = 0
configure:5277: gcc -E  conftest.c
conftest.c:11:10: fatal error: ac_nonexistent.h: No such file or directory
   11 | #include <ac_nonexistent.h>
      |          ^~~~~~~~~~~~~~~~~~
compilation terminated.
configure:5277: $? = 1
configure: failed program was:
| /* confdefs.h */
| #define PACKAGE_NAME ""
| #define PACKAGE_TARNAME ""
| #define PACKAGE_VERSION ""
| #define PACKAGE_STRING ""
| #define PACKAGE_BUGREPORT ""
| #define PACKAGE_URL ""
| #define PACKAGE "timemachine"
| #define VERSION "0.3.4"
| /* end confdefs.h.  */
| #include <ac_nonexistent.h>
configure:5306: checking for grep that handles long lines and -e
configure:5364: result: /usr/bin/grep
configure:5369: checking for egrep
configure:5431: result: /usr/bin/grep -E
configure:5436: checking for ANSI C header files
configure:5456: gcc -c -g -O2  conftest.c >&5
configure:5456: $? = 0
configure:5529: gcc -o conftest -g -O2   conftest.c  >&5
configure:5529: $? = 0
configure:5529: ./conftest
configure:5529: $? = 0
configure:5540: result: yes
configure:5603: checking for pkg-config
configure:5621: found /usr/bin/pkg-config
configure:5633: result: /usr/bin/pkg-config
configure:5658: checking pkg-config is at least version 0.9.0
configure:5661: result: yes
configure:5671: checking for GTK
configure:5678: $PKG_CONFIG --exists --print-errors "gtk+-2.0 >= 2.0.0"
configure:5681: $? = 0
configure:5695: $PKG_CONFIG --exists --print-errors "gtk+-2.0 >= 2.0.0"
configure:5698: $? = 0
configure:5756: result: yes
configure:5762: checking for JACK
configure:5769: $PKG_CONFIG --exists --print-errors "jack >= 0.80.0"
configure:5772: $? = 0
configure:5786: $PKG_CONFIG --exists --print-errors "jack >= 0.80.0"
configure:5789: $? = 0
configure:5847: result: yes
configure:5853: checking for LIBLO
configure:5860: $PKG_CONFIG --exists --print-errors "liblo >= 0.24"
configure:5863: $? = 0
configure:5877: $PKG_CONFIG --exists --print-errors "liblo >= 0.24"
configure:5880: $? = 0
configure:5918: result: yes
configure:5922: checking for pow in -lm
configure:5947: gcc -o conftest -g -O2   conftest.c -lm   >&5
conftest.c:19:6: warning: conflicting types for built-in function 'pow'; expected 'double(double,  double)' [-Wbuiltin-declaration-mismatch]
   19 | char pow ();
      |      ^~~
conftest.c:1:1: note: 'pow' is declared in header '<math.h>'
    1 | /* confdefs.h */
configure:5947: $? = 0
configure:5956: result: yes
configure:6001: checking for LASH
configure:6008: $PKG_CONFIG --exists --print-errors "lash-1.0 >= 0.4.0"
Package lash-1.0 was not found in the pkg-config search path.
Perhaps you should add the directory containing `lash-1.0.pc'
to the PKG_CONFIG_PATH environment variable
Package 'lash-1.0', required by 'virtual:world', not found
configure:6011: $? = 1
configure:6025: $PKG_CONFIG --exists --print-errors "lash-1.0 >= 0.4.0"
Package lash-1.0 was not found in the pkg-config search path.
Perhaps you should add the directory containing `lash-1.0.pc'
to the PKG_CONFIG_PATH environment variable
Package 'lash-1.0', required by 'virtual:world', not found
configure:6028: $? = 1
configure:6042: result: no
Package 'lash-1.0', required by 'virtual:world', not found
configure:6100: checking for SNDFILE
configure:6107: $PKG_CONFIG --exists --print-errors "sndfile >= 1.0.0"
configure:6110: $? = 0
configure:6124: $PKG_CONFIG --exists --print-errors "sndfile >= 1.0.0"
configure:6127: $? = 0
configure:6185: result: yes
configure:6189: checking whether SF_FORMAT_W64 is declared
configure:6189: gcc -c -g -O2  conftest.c >&5
configure:6189: $? = 0
configure:6189: result: yes
configure:6209: checking whether SF_FORMAT_FLAC is declared
configure:6209: gcc -c -g -O2  conftest.c >&5
configure:6209: $? = 0
configure:6209: result: yes
configure:6228: checking for tgetnum in -lcurses
configure:6253: gcc -o conftest -g -O2   conftest.c -lcurses  -lm  >&5
configure:6253: $? = 0
configure:6262: result: yes
configure:6273: checking for readline in -lreadline
configure:6298: gcc -o conftest -g -O2   conftest.c -lreadline  -lcurses -lm  >&5
configure:6298: $? = 0
configure:6307: result: yes
configure:6319: checking for pthread_self in -lpthread
configure:6344: gcc -o conftest -g -O2   conftest.c -lpthread  -lreadline -lcurses -lm  >&5
configure:6344: $? = 0
configure:6353: result: yes
configure:6475: checking that generated files are newer than configure
configure:6481: result: done
configure:6520: creating ./config.status

## ---------------------- ##
## Running config.status. ##
## ---------------------- ##

This file was extended by config.status, which was
generated by GNU Autoconf 2.69.  Invocation command line was

  CONFIG_FILES    = 
  CONFIG_HEADERS  = 
  CONFIG_LINKS    = 
  CONFIG_COMMANDS = 
  $ ./config.status 

on ninjabot

config.status:874: creating Makefile
config.status:874: creating src/Makefile
config.status:874: creating pixmaps/Makefile
config.status:874: creating config.h
config.status:1055: config.h is unchanged
config.status:1103: executing depfiles commands
config.status:1180: cd src       && sed -e '/# am--include-marker/d' Makefile         | make -f - am--depfiles
make: Nothing to be done for 'am--depfiles'.
config.status:1185: $? = 0

## ---------------- ##
## Cache variables. ##
## ---------------- ##

ac_cv_c_compiler_gnu=yes
ac_cv_env_CC_set=
ac_cv_env_CC_value=
ac_cv_env_CFLAGS_set=
ac_cv_env_CFLAGS_value=
ac_cv_env_CPPFLAGS_set=
ac_cv_env_CPPFLAGS_value=
ac_cv_env_CPP_set=
ac_cv_env_CPP_value=
ac_cv_env_GTK_CFLAGS_set=
ac_cv_env_GTK_CFLAGS_value=
ac_cv_env_GTK_LIBS_set=
ac_cv_env_GTK_LIBS_value=
ac_cv_env_JACK_CFLAGS_set=
ac_cv_env_JACK_CFLAGS_value=
ac_cv_env_JACK_LIBS_set=
ac_cv_env_JACK_LIBS_value=
ac_cv_env_LASH_CFLAGS_set=
ac_cv_env_LASH_CFLAGS_value=
ac_cv_env_LASH_LIBS_set=
ac_cv_env_LASH_LIBS_value=
ac_cv_env_LDFLAGS_set=
ac_cv_env_LDFLAGS_value=
ac_cv_env_LIBLO_CFLAGS_set=
ac_cv_env_LIBLO_CFLAGS_value=
ac_cv_env_LIBLO_LIBS_set=
ac_cv_env_LIBLO_LIBS_value=
ac_cv_env_LIBS_set=
ac_cv_env_LIBS_value=
ac_cv_env_PKG_CONFIG_LIBDIR_set=
ac_cv_env_PKG_CONFIG_LIBDIR_value=
ac_cv_env_PKG_CONFIG_PATH_set=
ac_cv_env_PKG_CONFIG_PATH_value=
ac_cv_env_PKG_CONFIG_set=
ac_cv_env_PKG_CONFIG_value=
ac_cv_env_SNDFILE_CFLAGS_set=
ac_cv_env_SNDFILE_CFLAGS_value=
ac_cv_env_SNDFILE_LIBS_set=
ac_cv_env_SNDFILE_LIBS_value=
ac_cv_env_build_alias_set=
ac_cv_env_build_alias_value=
ac_cv_env_host_alias_set=
ac_cv_env_host_alias_value=
ac_cv_env_target_alias_set=
ac_cv_env_target_alias_value=
ac_cv_have_decl_SF_FORMAT_FLAC=yes
ac_cv_have_decl_SF_FORMAT_W64=yes
ac_cv_header_stdc=yes
ac_cv_lib_curses_tgetnum=yes
ac_cv_lib_m_pow=yes
ac_cv_lib_pthread_pthread_self=yes
ac_cv_lib_readline_readline=yes
ac_cv_objext=o
ac_cv_path_EGREP='/usr/bin/grep -E'
ac_cv_path_GREP=/usr/bin/grep
ac_cv_path_ac_pt_PKG_CONFIG=/usr/bin/pkg-config
ac_cv_path_install='/usr/bin/install -c'
ac_cv_path_mkdir=/usr/bin/mkdir
ac_cv_prog_AWK=gawk
ac_cv_prog_CPP='gcc -E'
ac_cv_prog_ac_ct_CC=gcc
ac_cv_prog_cc_c89=
ac_cv_prog_cc_g=yes
ac_cv_prog_make_make_set=yes
ac_cv_search_strerror='none required'
am_cv_CC_dependencies_compiler_type=gcc3
am_cv_make_support_nested_variables=yes
am_cv_prog_cc_c_o=yes
am_cv_prog_cc_stdc=
pkg_cv_GTK_CFLAGS='-I/usr/include/gtk-2.0 -I/usr/lib/gtk-2.0/include -I/usr/include/pango-1.0 -I/usr/include/glib-2.0 -I/usr/lib/glib-2.0/include -I/usr/include/harfbuzz -I/usr/include/freetype2 -I/usr/include/libpng16 -I/usr/include/libmount -I/usr/include/blkid -I/usr/include/fribidi -I/usr/include/cairo -I/usr/include/pixman-1 -I/usr/include/gdk-pixbuf-2.0 -I/usr/include/atk-1.0 -pthread '
pkg_cv_GTK_LIBS='-lgtk-x11-2.0 -lgdk-x11-2.0 -lpangocairo-1.0 -latk-1.0 -lcairo -lgdk_pixbuf-2.0 -lgio-2.0 -lpangoft2-1.0 -lpango-1.0 -lgobject-2.0 -lglib-2.0 -lharfbuzz -lfontconfig -lfreetype '
pkg_cv_JACK_CFLAGS=
pkg_cv_JACK_LIBS='-ljack '
pkg_cv_LIBLO_CFLAGS=
pkg_cv_LIBLO_LIBS='-llo -lpthread '
pkg_cv_SNDFILE_CFLAGS=
pkg_cv_SNDFILE_LIBS='-lsndfile '

## ----------------- ##
## Output variables. ##
## ----------------- ##

ACLOCAL='${SHELL} /home/b08x/Soundbot/timemachine/source/missing aclocal-1.16'
AMDEPBACKSLASH='\'
AMDEP_FALSE='#'
AMDEP_TRUE=''
AMTAR='$${TAR-tar}'
AM_BACKSLASH='\'
AM_DEFAULT_V='$(AM_DEFAULT_VERBOSITY)'
AM_DEFAULT_VERBOSITY='1'
AM_V='$(V)'
AUTOCONF='${SHELL} /home/b08x/Soundbot/timemachine/source/missing autoconf'
AUTOHEADER='${SHELL} /home/b08x/Soundbot/timemachine/source/missing autoheader'
AUTOMAKE='${SHELL} /home/b08x/Soundbot/timemachine/source/missing automake-1.16'
AWK='gawk'
CC='gcc'
CCDEPMODE='depmode=gcc3'
CFLAGS='-g -O2'
CPP='gcc -E'
CPPFLAGS=''
CYGPATH_W='echo'
DEFS='-DHAVE_CONFIG_H'
DEPDIR='.deps'
ECHO_C=''
ECHO_N='-n'
ECHO_T=''
EGREP='/usr/bin/grep -E'
EXEEXT=''
GREP='/usr/bin/grep'
GTK_CFLAGS='-I/usr/include/gtk-2.0 -I/usr/lib/gtk-2.0/include -I/usr/include/pango-1.0 -I/usr/include/glib-2.0 -I/usr/lib/glib-2.0/include -I/usr/include/harfbuzz -I/usr/include/freetype2 -I/usr/include/libpng16 -I/usr/include/libmount -I/usr/include/blkid -I/usr/include/fribidi -I/usr/include/cairo -I/usr/include/pixman-1 -I/usr/include/gdk-pixbuf-2.0 -I/usr/include/atk-1.0 -pthread '
GTK_LIBS='-lgtk-x11-2.0 -lgdk-x11-2.0 -lpangocairo-1.0 -latk-1.0 -lcairo -lgdk_pixbuf-2.0 -lgio-2.0 -lpangoft2-1.0 -lpango-1.0 -lgobject-2.0 -lglib-2.0 -lharfbuzz -lfontconfig -lfreetype '
HAVE_LASH_FALSE=''
HAVE_LASH_TRUE='#'
INSTALL_DATA='${INSTALL} -m 644'
INSTALL_PROGRAM='${INSTALL}'
INSTALL_SCRIPT='${INSTALL}'
INSTALL_STRIP_PROGRAM='$(install_sh) -c -s'
JACK_CFLAGS=''
JACK_LIBS='-ljack '
LASH_CFLAGS=''
LASH_LIBS=''
LDFLAGS=''
LIBLO_CFLAGS=''
LIBLO_LIBS='-llo -lpthread '
LIBOBJS=''
LIBS='-lpthread -lreadline -lcurses -lm '
LTLIBOBJS=''
MAINT='#'
MAINTAINER_MODE_FALSE=''
MAINTAINER_MODE_TRUE='#'
MAKEINFO='${SHELL} /home/b08x/Soundbot/timemachine/source/missing makeinfo'
MKDIR_P='/usr/bin/mkdir -p'
OBJEXT='o'
PACKAGE='timemachine'
PACKAGE_BUGREPORT=''
PACKAGE_CFLAGS='-g -Wall -I/usr/include/gtk-2.0 -I/usr/lib/gtk-2.0/include -I/usr/include/pango-1.0 -I/usr/include/glib-2.0 -I/usr/lib/glib-2.0/include -I/usr/include/harfbuzz -I/usr/include/freetype2 -I/usr/include/libpng16 -I/usr/include/libmount -I/usr/include/blkid -I/usr/include/fribidi -I/usr/include/cairo -I/usr/include/pixman-1 -I/usr/include/gdk-pixbuf-2.0 -I/usr/include/atk-1.0 -pthread     '
PACKAGE_LIBS='-g -lgtk-x11-2.0 -lgdk-x11-2.0 -lpangocairo-1.0 -latk-1.0 -lcairo -lgdk_pixbuf-2.0 -lgio-2.0 -lpangoft2-1.0 -lpango-1.0 -lgobject-2.0 -lglib-2.0 -lharfbuzz -lfontconfig -lfreetype  -ljack   -lsndfile  -llo -lpthread '
PACKAGE_NAME=''
PACKAGE_STRING=''
PACKAGE_TARNAME=''
PACKAGE_URL=''
PACKAGE_VERSION=''
PATH_SEPARATOR=':'
PKG_CONFIG='/usr/bin/pkg-config'
PKG_CONFIG_LIBDIR=''
PKG_CONFIG_PATH=''
SET_MAKE=''
SHELL='/bin/sh'
SNDFILE_CFLAGS=''
SNDFILE_LIBS='-lsndfile '
STRIP=''
VERSION='0.3.4'
ac_ct_CC='gcc'
am__EXEEXT_FALSE=''
am__EXEEXT_TRUE='#'
am__fastdepCC_FALSE='#'
am__fastdepCC_TRUE=''
am__include='include'
am__isrc=''
am__leading_dot='.'
am__nodep='_no'
am__quote=''
am__tar='$${TAR-tar} chof - "$$tardir"'
am__untar='$${TAR-tar} xf -'
bindir='${exec_prefix}/bin'
build_alias=''
datadir='${datarootdir}'
datarootdir='${prefix}/share'
docdir='${datarootdir}/doc/${PACKAGE}'
dvidir='${docdir}'
exec_prefix='${prefix}'
host_alias=''
htmldir='${docdir}'
includedir='${prefix}/include'
infodir='${datarootdir}/info'
install_sh='${SHELL} /home/b08x/Soundbot/timemachine/source/install-sh'
libdir='${exec_prefix}/lib'
libexecdir='${exec_prefix}/libexec'
localedir='${datarootdir}/locale'
localstatedir='${prefix}/var'
mandir='${datarootdir}/man'
mkdir_p='$(MKDIR_P)'
oldincludedir='/usr/include'
pdfdir='${docdir}'
prefix='/usr'
program_transform_name='s,x,x,'
psdir='${docdir}'
sbindir='${exec_prefix}/sbin'
sharedstatedir='${prefix}/com'
sysconfdir='${prefix}/etc'
target_alias=''

## ----------- ##
## confdefs.h. ##
## ----------- ##

/* confdefs.h */
#define PACKAGE_NAME ""
#define PACKAGE_TARNAME ""
#define PACKAGE_VERSION ""
#define PACKAGE_STRING ""
#define PACKAGE_BUGREPORT ""
#define PACKAGE_URL ""
#define PACKAGE "timemachine"
#define VERSION "0.3.4"
#define STDC_HEADERS 1
#define HAVE_LIBM 1
#define HAVE_LIBLO 1
#define HAVE_W64 /**/
#define HAVE_FLAC /**/
#define HAVE_LIBCURSES 1
#define HAVE_LIBREADLINE 1
#define HAVE_LIBPTHREAD 1

configure: exit 0
