[GUI] - Welcome to the Sonic Pi GUI
[GUI] - ===========================
[GUI] -                            
[GUI] - {5418787c-b8bb-4255-aa42-9e3af531a2bb}
[GUI] - Discovering port numbers...
[GUI] - Port entry server-listen-to-gui : 51235 : 51235
[GUI] - Port entry gui-send-to-server : 51235 : 51235
[GUI] - Port entry gui-listen-to-server : 51236 : 51236
[GUI] - Port entry server-send-to-gui : 51236 : 51236
[GUI] - Port entry scsynth : 51237 : 51237
[GUI] - Port entry scsynth-send : 51237 : 51237
[GUI] - Port entry osc-midi-out : 51238 : 51238
[GUI] - Port entry osc-midi-in : 51239 : 51239
[GUI] - Port entry server-osc-cues : 4560 : 4560
[GUI] - Port entry erlang-router : 51240 : 51240
[GUI] - Port entry websocket : 51241 : 51241
[GUI] - Detecting port numbers...
[GUI] - GUI listen to server port 51236
[GUI] -    port: 51236 [OK]
[GUI] - Server listen to gui port 51235
[GUI] -    port: 51235 [OK]
[GUI] - Server incoming OSC cues port 4560
[GUI] -    port: 4560 [OK]
[GUI] - Scsynth port 51237
[GUI] -    port: 51237 [OK]
[GUI] - Server send to GUI port 51236
[GUI] -    port: 51236 [OK]
[GUI] - GUI send to server port 51235
[GUI] -    port: 51235 [OK]
[GUI] - Scsynth send port 51237
[GUI] -    port: 51237 [OK]
[GUI] - Erlang router port 51240
[GUI] -    port: 51240 [OK]
[GUI] - OSC MIDI out port 51238
[GUI] -    port: 51238 [OK]
[GUI] - OSC MIDI in port 51239
[GUI] -    port: 51239 [OK]
[GUI] - Websocket port 51241
[GUI] -    port: 51241 [OK]
[GUI] - All ports OK
[GUI] - launching Sonic Pi Runtime Server:
[GUI] - Ruby server pid registered: 26023
[GUI] - hiding main window
[GUI] - initialising toolbar icons
[GUI] - setting up window structure
[GUI] - restoring scope states 
[GUI] - creating status bar
[GUI] - creating info panel
[GUI] - creating shortcuts
[GUI] - creating tool bar
[GUI] - initialising documentation window
[GUI] - wait for sync
[GUI] - waiting for Sonic Pi Server to boot...
Server on port 51236...
[GUI] - waiting for Sonic Pi Server to boot...
[GUI] - UDP OSC Server ready and listening
....
[GUI] - Sonic Pi Server successfully booted.
[GUI] - waiting for Sonic Pi Server to respond...
..
[GUI] - Sonic Pi Server connection established
[GUI] - honour prefs
[GUI] - asking OSC server to start
[GUI] - cue port in external mode
[GUI] - update prefs icon
[GUI] - toggle icons
[GUI] - full screen
[GUI] - load workspaces
[GUI] - loading workspaces
[GUI] - load request Version
[GUI] Change Volume to 21
[GUI] - boot sequence completed.
[GUI] - asking OSC server to start
[GUI] - cue port in external mode
